#
# There is insufficient memory for the Java Runtime Environment to continue.
# Native memory allocation (malloc) failed to allocate 946736 bytes for Chunk::new
# Possible reasons:
#   The system is out of physical RAM or swap space
#   The process is running with CompressedOops enabled, and the Java Heap may be blocking the growth of the native heap
# Possible solutions:
#   Reduce memory load on the system
#   Increase physical memory or swap space
#   Check if swap backing store is full
#   Decrease Java heap size (-Xmx/-Xms)
#   Decrease number of Java threads
#   Decrease Java thread stack sizes (-Xss)
#   Set larger code cache with -XX:ReservedCodeCacheSize=
#   JVM is running with Zero Based Compressed Oops mode in which the Java heap is
#     placed in the first 32GB address space. The Java Heap base address is the
#     maximum limit for the native heap growth. Please use -XX:HeapBaseMinAddress
#     to set the Java Heap base and to place the Java Heap above 32GB virtual address.
# This output file may be truncated or incomplete.
#
#  Out of Memory Error (allocation.cpp:389), pid=25788, tid=0x0000000000006c68
#
# JRE version: Java(TM) SE Runtime Environment (8.0_391) (build 1.8.0_391-b13)
# Java VM: Java HotSpot(TM) 64-Bit Server VM (25.391-b13 mixed mode windows-amd64 compressed oops)
# Failed to write core dump. Minidumps are not enabled by default on client versions of Windows
#

---------------  T H R E A D  ---------------

Current thread (0x0000024ea197e000):  JavaThread "C2 CompilerThread1" daemon [_thread_in_native, id=27752, stack(0x00000072ce900000,0x00000072cea00000)]

Stack: [0x00000072ce900000,0x00000072cea00000]
Native frames: (J=compiled Java code, j=interpreted, Vv=VM code, C=native code)
V  [jvm.dll+0x353049]
V  [jvm.dll+0x290062]
V  [jvm.dll+0x290c2d]
V  [jvm.dll+0x285265]
V  [jvm.dll+0xdb9bc]
V  [jvm.dll+0xdc1cc]
V  [jvm.dll+0x49d03d]
V  [jvm.dll+0x460675]
V  [jvm.dll+0x46993f]
V  [jvm.dll+0x468d39]
V  [jvm.dll+0x452a6b]
V  [jvm.dll+0xb0766]
V  [jvm.dll+0xaee3f]
V  [jvm.dll+0x251612]
V  [jvm.dll+0x2accfc]
C  [ucrtbase.dll+0x29333]
C  [KERNEL32.DLL+0x1257d]
C  [ntdll.dll+0x5af08]


Current CompileTask:
C2:   8764 9673       4       sun.security.ec.ECOperations::setDouble (559 bytes)


---------------  P R O C E S S  ---------------

Java Threads: ( => current thread )
  0x0000024ea81f9800 JavaThread "MessageBroker-5" [_thread_blocked, id=15600, stack(0x00000072d0400000,0x00000072d0500000)]
  0x0000024ea81f8800 JavaThread "HikariPool-1 connection adder" daemon [_thread_in_native, id=25732, stack(0x00000072d0300000,0x00000072d0400000)]
  0x0000024ea81f2000 JavaThread "HikariPool-1 housekeeper" daemon [_thread_blocked, id=25240, stack(0x00000072d0200000,0x00000072d0300000)]
  0x0000024ea81f1000 JavaThread "DestroyJavaVM" [_thread_blocked, id=16948, stack(0x00000072cd700000,0x00000072cd800000)]
  0x0000024ea81f8000 JavaThread "MessageBroker-4" [_thread_blocked, id=1000, stack(0x00000072d0100000,0x00000072d0200000)]
  0x0000024ea81f7000 JavaThread "MessageBroker-3" [_thread_blocked, id=8092, stack(0x00000072d0000000,0x00000072d0100000)]
  0x0000024ea81ef800 JavaThread "MessageBroker-2" [_thread_blocked, id=20340, stack(0x00000072cff00000,0x00000072d0000000)]
  0x0000024ea81f2800 JavaThread "http-nio-8081-Acceptor" daemon [_thread_in_native, id=17616, stack(0x00000072cfd00000,0x00000072cfe00000)]
  0x0000024ea81ee000 JavaThread "http-nio-8081-Poller" daemon [_thread_in_native, id=24836, stack(0x00000072cfc00000,0x00000072cfd00000)]
  0x0000024ea81f5000 JavaThread "http-nio-8081-exec-10" daemon [_thread_blocked, id=5976, stack(0x00000072cfb00000,0x00000072cfc00000)]
  0x0000024ea81ef000 JavaThread "http-nio-8081-exec-9" daemon [_thread_blocked, id=18132, stack(0x00000072cfa00000,0x00000072cfb00000)]
  0x0000024ea81f4000 JavaThread "http-nio-8081-exec-8" daemon [_thread_blocked, id=27164, stack(0x00000072cf900000,0x00000072cfa00000)]
  0x0000024ea81ed800 JavaThread "http-nio-8081-exec-7" daemon [_thread_blocked, id=9972, stack(0x00000072cf800000,0x00000072cf900000)]
  0x0000024ea81f0800 JavaThread "http-nio-8081-exec-6" daemon [_thread_blocked, id=14496, stack(0x00000072cf700000,0x00000072cf800000)]
  0x0000024ea81ec800 JavaThread "http-nio-8081-exec-5" daemon [_thread_blocked, id=3932, stack(0x00000072cf600000,0x00000072cf700000)]
  0x0000024ea5e48800 JavaThread "http-nio-8081-exec-4" daemon [_thread_blocked, id=9672, stack(0x00000072cf500000,0x00000072cf600000)]
  0x0000024ea5e42800 JavaThread "http-nio-8081-exec-3" daemon [_thread_blocked, id=18548, stack(0x00000072cf400000,0x00000072cf500000)]
  0x0000024ea5e44000 JavaThread "http-nio-8081-exec-2" daemon [_thread_blocked, id=10100, stack(0x00000072cf300000,0x00000072cf400000)]
  0x0000024ea5e49800 JavaThread "http-nio-8081-exec-1" daemon [_thread_blocked, id=24952, stack(0x00000072cf200000,0x00000072cf300000)]
  0x0000024ea5e48000 JavaThread "MessageBroker-1" [_thread_blocked, id=15032, stack(0x00000072cf100000,0x00000072cf200000)]
  0x0000024ea5e45000 JavaThread "container-0" [_thread_blocked, id=27696, stack(0x00000072cf000000,0x00000072cf100000)]
  0x0000024ea5e47000 JavaThread "Catalina-utility-2" [_thread_blocked, id=12368, stack(0x00000072cef00000,0x00000072cf000000)]
  0x0000024ea5e45800 JavaThread "Catalina-utility-1" [_thread_blocked, id=4256, stack(0x00000072cee00000,0x00000072cef00000)]
  0x0000024ea1a15800 JavaThread "Service Thread" daemon [_thread_blocked, id=2888, stack(0x00000072cec00000,0x00000072ced00000)]
  0x0000024ea1983800 JavaThread "C1 CompilerThread3" daemon [_thread_blocked, id=23980, stack(0x00000072ceb00000,0x00000072cec00000)]
  0x0000024ea197e800 JavaThread "C2 CompilerThread2" daemon [_thread_blocked, id=1788, stack(0x00000072cea00000,0x00000072ceb00000)]
=>0x0000024ea197e000 JavaThread "C2 CompilerThread1" daemon [_thread_in_native, id=27752, stack(0x00000072ce900000,0x00000072cea00000)]
  0x0000024ea197d000 JavaThread "C2 CompilerThread0" daemon [_thread_blocked, id=6608, stack(0x00000072ce800000,0x00000072ce900000)]
  0x0000024ea192d000 JavaThread "Monitor Ctrl-Break" daemon [_thread_in_native, id=16568, stack(0x00000072ce700000,0x00000072ce800000)]
  0x0000024e9f17e800 JavaThread "Attach Listener" daemon [_thread_blocked, id=3468, stack(0x00000072ce600000,0x00000072ce700000)]
  0x0000024e9f168000 JavaThread "Signal Dispatcher" daemon [_thread_blocked, id=10176, stack(0x00000072ce500000,0x00000072ce600000)]
  0x0000024e8454b000 JavaThread "Finalizer" daemon [_thread_blocked, id=6148, stack(0x00000072ce400000,0x00000072ce500000)]
  0x0000024e9f149800 JavaThread "Reference Handler" daemon [_thread_blocked, id=15092, stack(0x00000072ce300000,0x00000072ce400000)]

Other Threads:
  0x0000024e84544800 VMThread [stack: 0x00000072ce200000,0x00000072ce300000] [id=2332]
  0x0000024ea1a93800 WatcherThread [stack: 0x00000072ced00000,0x00000072cee00000] [id=4040]

VM state:not at safepoint (normal execution)

VM Mutex/Monitor currently owned by a thread: None

heap address: 0x00000006c5800000, size: 4008 MB, Compressed Oops mode: Zero based, Oop shift amount: 3
Narrow klass base: 0x0000000000000000, Narrow klass shift: 3
Compressed class space size: 1073741824 Address: 0x00000007c0000000

Heap:
 PSYoungGen      total 798720K, used 415115K [0x000000076c800000, 0x00000007b5380000, 0x00000007c0000000)
  eden space 773632K, 53% used [0x000000076c800000,0x0000000785d62d88,0x000000079bb80000)
  from space 25088K, 0% used [0x000000079bb80000,0x000000079bb80000,0x000000079d400000)
  to   space 24576K, 0% used [0x00000007b3b80000,0x00000007b3b80000,0x00000007b5380000)
 ParOldGen       total 140800K, used 35039K [0x00000006c5800000, 0x00000006ce180000, 0x000000076c800000)
  object space 140800K, 24% used [0x00000006c5800000,0x00000006c7a37e60,0x00000006ce180000)
 Metaspace       used 62683K, capacity 67160K, committed 67352K, reserved 1107968K
  class space    used 7986K, capacity 8740K, committed 8744K, reserved 1048576K

Card table byte_map: [0x0000024e95210000,0x0000024e959f0000] byte_map_base: 0x0000024e91be4000

Marking Bits: (ParMarkBitMap*) 0x00007ffd314b6040
 Begin Bits: [0x0000024e95f30000, 0x0000024e99dd0000)
 End Bits:   [0x0000024e99dd0000, 0x0000024e9dc70000)

Polling page: 0x0000024e84440000

CodeCache: size=245760Kb used=28481Kb max_used=28481Kb free=217278Kb
 bounds [0x0000024e85e50000, 0x0000024e87ac0000, 0x0000024e94e50000]
 total_blobs=8546 nmethods=7990 adapters=467
 compilation: enabled

Compilation events (10 events):
Event: 8.734 Thread 0x0000024ea1983800 9684       3       org.postgresql.core.AsciiStringInterner::cleanQueue (23 bytes)
Event: 8.735 Thread 0x0000024ea1983800 nmethod 9684 0x0000024e8750f610 code [0x0000024e8750f7c0, 0x0000024e8750ff80]
Event: 8.735 Thread 0x0000024ea1983800 9685       3       org.postgresql.core.AsciiStringInterner$TempKey::<init> (22 bytes)
Event: 8.735 Thread 0x0000024ea1983800 nmethod 9685 0x0000024e8750f150 code [0x0000024e8750f2c0, 0x0000024e8750f4f8]
Event: 8.740 Thread 0x0000024ea1983800 9687       3       sun.security.ssl.ProtocolVersion::useTLS13PlusSpec (19 bytes)
Event: 8.741 Thread 0x0000024ea1983800 nmethod 9687 0x0000024e8750ed90 code [0x0000024e8750eee0, 0x0000024e8750f0b8]
Event: 8.741 Thread 0x0000024ea1983800 9686       1       org.postgresql.core.QueryExecutorBase::isReWriteBatchedInsertsEnabled (5 bytes)
Event: 8.741 Thread 0x0000024ea1983800 nmethod 9686 0x0000024e8750ead0 code [0x0000024e8750ec20, 0x0000024e8750ed38]
Event: 8.746 Thread 0x0000024ea1983800 9688       3       org.postgresql.core.Encoding::decode (15 bytes)
Event: 8.746 Thread 0x0000024ea1983800 nmethod 9688 0x0000024e8750e690 code [0x0000024e8750e800, 0x0000024e8750e9f0]

GC Heap History (10 events):
Event: 4.134 GC heap before
{Heap before GC invocations=8 (full 2):
 PSYoungGen      total 268800K, used 258048K [0x000000076c800000, 0x0000000789500000, 0x00000007c0000000)
  eden space 258048K, 100% used [0x000000076c800000,0x000000077c400000,0x000000077c400000)
  from space 10752K, 0% used [0x000000077c400000,0x000000077c400000,0x000000077ce80000)
  to   space 17920K, 0% used [0x0000000788380000,0x0000000788380000,0x0000000789500000)
 ParOldGen       total 108544K, used 18828K [0x00000006c5800000, 0x00000006cc200000, 0x000000076c800000)
  object space 108544K, 17% used [0x00000006c5800000,0x00000006c6a63068,0x00000006cc200000)
 Metaspace       used 42701K, capacity 44786K, committed 45096K, reserved 1089536K
  class space    used 5434K, capacity 5817K, committed 5928K, reserved 1048576K
Event: 4.150 GC heap after
Heap after GC invocations=8 (full 2):
 PSYoungGen      total 455168K, used 9540K [0x000000076c800000, 0x000000078b000000, 0x00000007c0000000)
  eden space 437248K, 0% used [0x000000076c800000,0x000000076c800000,0x0000000787300000)
  from space 17920K, 53% used [0x0000000788380000,0x0000000788cd1078,0x0000000789500000)
  to   space 16896K, 0% used [0x0000000787300000,0x0000000787300000,0x0000000788380000)
 ParOldGen       total 108544K, used 18908K [0x00000006c5800000, 0x00000006cc200000, 0x000000076c800000)
  object space 108544K, 17% used [0x00000006c5800000,0x00000006c6a77078,0x00000006cc200000)
 Metaspace       used 42701K, capacity 44786K, committed 45096K, reserved 1089536K
  class space    used 5434K, capacity 5817K, committed 5928K, reserved 1048576K
}
Event: 6.734 GC heap before
{Heap before GC invocations=9 (full 2):
 PSYoungGen      total 455168K, used 446788K [0x000000076c800000, 0x000000078b000000, 0x00000007c0000000)
  eden space 437248K, 100% used [0x000000076c800000,0x0000000787300000,0x0000000787300000)
  from space 17920K, 53% used [0x0000000788380000,0x0000000788cd1078,0x0000000789500000)
  to   space 16896K, 0% used [0x0000000787300000,0x0000000787300000,0x0000000788380000)
 ParOldGen       total 108544K, used 18908K [0x00000006c5800000, 0x00000006cc200000, 0x000000076c800000)
  object space 108544K, 17% used [0x00000006c5800000,0x00000006c6a77078,0x00000006cc200000)
 Metaspace       used 54070K, capacity 58032K, committed 58280K, reserved 1099776K
  class space    used 6951K, capacity 7590K, committed 7592K, reserved 1048576K
Event: 6.776 GC heap after
Heap after GC invocations=9 (full 2):
 PSYoungGen      total 454144K, used 16880K [0x000000076c800000, 0x000000079eb80000, 0x00000007c0000000)
  eden space 437248K, 0% used [0x000000076c800000,0x000000076c800000,0x0000000787300000)
  from space 16896K, 99% used [0x0000000787300000,0x000000078837c338,0x0000000788380000)
  to   space 24064K, 0% used [0x000000079d400000,0x000000079d400000,0x000000079eb80000)
 ParOldGen       total 108544K, used 28448K [0x00000006c5800000, 0x00000006cc200000, 0x000000076c800000)
  object space 108544K, 26% used [0x00000006c5800000,0x00000006c73c8220,0x00000006cc200000)
 Metaspace       used 54070K, capacity 58032K, committed 58280K, reserved 1099776K
  class space    used 6951K, capacity 7590K, committed 7592K, reserved 1048576K
}
Event: 6.971 GC heap before
{Heap before GC invocations=10 (full 2):
 PSYoungGen      total 454144K, used 454128K [0x000000076c800000, 0x000000079eb80000, 0x00000007c0000000)
  eden space 437248K, 100% used [0x000000076c800000,0x0000000787300000,0x0000000787300000)
  from space 16896K, 99% used [0x0000000787300000,0x000000078837c338,0x0000000788380000)
  to   space 24064K, 0% used [0x000000079d400000,0x000000079d400000,0x000000079eb80000)
 ParOldGen       total 108544K, used 28448K [0x00000006c5800000, 0x00000006cc200000, 0x000000076c800000)
  object space 108544K, 26% used [0x00000006c5800000,0x00000006c73c8220,0x00000006cc200000)
 Metaspace       used 54120K, capacity 58116K, committed 58280K, reserved 1099776K
  class space    used 6951K, capacity 7590K, committed 7592K, reserved 1048576K
Event: 7.000 GC heap after
Heap after GC invocations=10 (full 2):
 PSYoungGen      total 797696K, used 17840K [0x000000076c800000, 0x00000007a0580000, 0x00000007c0000000)
  eden space 773632K, 0% used [0x000000076c800000,0x000000076c800000,0x000000079bb80000)
  from space 24064K, 74% used [0x000000079d400000,0x000000079e56c348,0x000000079eb80000)
  to   space 25088K, 0% used [0x000000079bb80000,0x000000079bb80000,0x000000079d400000)
 ParOldGen       total 108544K, used 28456K [0x00000006c5800000, 0x00000006cc200000, 0x000000076c800000)
  object space 108544K, 26% used [0x00000006c5800000,0x00000006c73ca220,0x00000006cc200000)
 Metaspace       used 54120K, capacity 58116K, committed 58280K, reserved 1099776K
  class space    used 6951K, capacity 7590K, committed 7592K, reserved 1048576K
}
Event: 7.675 GC heap before
{Heap before GC invocations=11 (full 2):
 PSYoungGen      total 797696K, used 680340K [0x000000076c800000, 0x00000007a0580000, 0x00000007c0000000)
  eden space 773632K, 85% used [0x000000076c800000,0x0000000794ef90a8,0x000000079bb80000)
  from space 24064K, 74% used [0x000000079d400000,0x000000079e56c348,0x000000079eb80000)
  to   space 25088K, 0% used [0x000000079bb80000,0x000000079bb80000,0x000000079d400000)
 ParOldGen       total 108544K, used 28456K [0x00000006c5800000, 0x00000006cc200000, 0x000000076c800000)
  object space 108544K, 26% used [0x00000006c5800000,0x00000006c73ca220,0x00000006cc200000)
 Metaspace       used 54951K, capacity 59040K, committed 59160K, reserved 1101824K
  class space    used 7024K, capacity 7702K, committed 7720K, reserved 1048576K
Event: 7.684 GC heap after
Heap after GC invocations=11 (full 2):
 PSYoungGen      total 798720K, used 16117K [0x000000076c800000, 0x00000007b5380000, 0x00000007c0000000)
  eden space 773632K, 0% used [0x000000076c800000,0x000000076c800000,0x000000079bb80000)
  from space 25088K, 64% used [0x000000079bb80000,0x000000079cb3d710,0x000000079d400000)
  to   space 24576K, 0% used [0x00000007b3b80000,0x00000007b3b80000,0x00000007b5380000)
 ParOldGen       total 108544K, used 33935K [0x00000006c5800000, 0x00000006cc200000, 0x000000076c800000)
  object space 108544K, 31% used [0x00000006c5800000,0x00000006c7923ef8,0x00000006cc200000)
 Metaspace       used 54951K, capacity 59040K, committed 59160K, reserved 1101824K
  class space    used 7024K, capacity 7702K, committed 7720K, reserved 1048576K
}
Event: 7.684 GC heap before
{Heap before GC invocations=12 (full 3):
 PSYoungGen      total 798720K, used 16117K [0x000000076c800000, 0x00000007b5380000, 0x00000007c0000000)
  eden space 773632K, 0% used [0x000000076c800000,0x000000076c800000,0x000000079bb80000)
  from space 25088K, 64% used [0x000000079bb80000,0x000000079cb3d710,0x000000079d400000)
  to   space 24576K, 0% used [0x00000007b3b80000,0x00000007b3b80000,0x00000007b5380000)
 ParOldGen       total 108544K, used 33935K [0x00000006c5800000, 0x00000006cc200000, 0x000000076c800000)
  object space 108544K, 31% used [0x00000006c5800000,0x00000006c7923ef8,0x00000006cc200000)
 Metaspace       used 54951K, capacity 59040K, committed 59160K, reserved 1101824K
  class space    used 7024K, capacity 7702K, committed 7720K, reserved 1048576K
Event: 7.770 GC heap after
Heap after GC invocations=12 (full 3):
 PSYoungGen      total 798720K, used 0K [0x000000076c800000, 0x00000007b5380000, 0x00000007c0000000)
  eden space 773632K, 0% used [0x000000076c800000,0x000000076c800000,0x000000079bb80000)
  from space 25088K, 0% used [0x000000079bb80000,0x000000079bb80000,0x000000079d400000)
  to   space 24576K, 0% used [0x00000007b3b80000,0x00000007b3b80000,0x00000007b5380000)
 ParOldGen       total 140800K, used 35039K [0x00000006c5800000, 0x00000006ce180000, 0x000000076c800000)
  object space 140800K, 24% used [0x00000006c5800000,0x00000006c7a37e60,0x00000006ce180000)
 Metaspace       used 54951K, capacity 59040K, committed 59160K, reserved 1101824K
  class space    used 7024K, capacity 7702K, committed 7720K, reserved 1048576K
}

Deoptimization events (10 events):
Event: 8.382 Thread 0x0000024ea81f8800 Uncommon trap: reason=class_check action=maybe_recompile pc=0x0000024e875925f8 method=java.security.MessageDigest$Delegate.engineDigest([BII)I @ 7
Event: 8.385 Thread 0x0000024ea5e49800 Uncommon trap: reason=unstable_if action=reinterpret pc=0x0000024e8635fe98 method=com.fasterxml.jackson.databind.introspect.AnnotatedMethodCollector._isIncludableMemberMethod(Ljava/lang/reflect/Method;)Z @ 14
Event: 8.392 Thread 0x0000024ea5e49800 Uncommon trap: reason=unstable_if action=reinterpret pc=0x0000024e86411330 method=sun.security.provider.SHA2.implDigest([BI)V @ 21
Event: 8.398 Thread 0x0000024ea5e49800 Uncommon trap: reason=bimorphic action=maybe_recompile pc=0x0000024e87395a00 method=java.util.regex.Matcher.search(I)Z @ 86
Event: 8.482 Thread 0x0000024ea5e49800 Uncommon trap: reason=class_check action=maybe_recompile pc=0x0000024e8629bd3c method=java.util.Comparator.lambda$thenComparing$36697e65$1(Ljava/util/Comparator;Ljava/lang/Object;Ljava/lang/Object;)I @ 3
Event: 8.482 Thread 0x0000024ea5e49800 Uncommon trap: reason=class_check action=maybe_recompile pc=0x0000024e8629bd3c method=java.util.Comparator.lambda$thenComparing$36697e65$1(Ljava/util/Comparator;Ljava/lang/Object;Ljava/lang/Object;)I @ 3
Event: 8.482 Thread 0x0000024ea5e49800 Uncommon trap: reason=bimorphic action=maybe_recompile pc=0x0000024e86264dc8 method=java.util.AbstractList$Itr.next()Ljava/lang/Object; @ 14
Event: 8.488 Thread 0x0000024ea5e49800 Uncommon trap: reason=class_check action=maybe_recompile pc=0x0000024e8629bd3c method=java.util.Comparator.lambda$thenComparing$36697e65$1(Ljava/util/Comparator;Ljava/lang/Object;Ljava/lang/Object;)I @ 3
Event: 8.489 Thread 0x0000024ea5e49800 Uncommon trap: reason=class_check action=maybe_recompile pc=0x0000024e8629bd3c method=java.util.Comparator.lambda$thenComparing$36697e65$1(Ljava/util/Comparator;Ljava/lang/Object;Ljava/lang/Object;)I @ 3
Event: 8.509 Thread 0x0000024ea5e49800 Uncommon trap: reason=unstable_if action=reinterpret pc=0x0000024e873be72c method=java.util.concurrent.ConcurrentHashMap.putVal(Ljava/lang/Object;Ljava/lang/Object;Z)Ljava/lang/Object; @ 331

Classes redefined (0 events):
No events

Internal exceptions (10 events):
Event: 7.855 Thread 0x0000024e844a7000 Exception <a 'java/lang/ClassNotFoundException': kr/co/bestiansoft/ebillservicekg/bill/mtng/mtngTo/vo/MtngToVoBeanInfo> (0x000000076f5b4230) thrown at [C:\jenkins\workspace\8-2-build-windows-x64-cygwin-sans-NAS\jdk8u391\514\hotspot\src\share\vm\classfile\
Event: 7.855 Thread 0x0000024e844a7000 Exception <a 'java/lang/ClassNotFoundException': kr/co/bestiansoft/ebillservicekg/bill/mtng/mtngTo/vo/MtngToVoCustomizer> (0x000000076f5d4d00) thrown at [C:\jenkins\workspace\8-2-build-windows-x64-cygwin-sans-NAS\jdk8u391\514\hotspot\src\share\vm\classfil
Event: 7.859 Thread 0x0000024e844a7000 Implicit null exception at 0x0000024e869c6727 to 0x0000024e869c67a9
Event: 7.986 Thread 0x0000024e844a7000 Exception <a 'java/lang/ClassNotFoundException': kr/co/bestiansoft/ebillservicekg/admin/user/vo/UserMemberVoBeanInfo> (0x000000077a969050) thrown at [C:\jenkins\workspace\8-2-build-windows-x64-cygwin-sans-NAS\jdk8u391\514\hotspot\src\share\vm\classfile\sy
Event: 7.986 Thread 0x0000024e844a7000 Exception <a 'java/lang/ClassNotFoundException': kr/co/bestiansoft/ebillservicekg/admin/user/vo/UserMemberVoCustomizer> (0x000000077a989328) thrown at [C:\jenkins\workspace\8-2-build-windows-x64-cygwin-sans-NAS\jdk8u391\514\hotspot\src\share\vm\classfile\
Event: 8.021 Thread 0x0000024e844a7000 Exception <a 'java/lang/ClassNotFoundException': kr/co/bestiansoft/ebillservicekg/bill/billApply/revoke/vo/RevokeVoBeanInfo> (0x000000077b784070) thrown at [C:\jenkins\workspace\8-2-build-windows-x64-cygwin-sans-NAS\jdk8u391\514\hotspot\src\share\vm\class
Event: 8.022 Thread 0x0000024e844a7000 Exception <a 'java/lang/ClassNotFoundException': kr/co/bestiansoft/ebillservicekg/bill/billApply/revoke/vo/RevokeVoCustomizer> (0x000000077b7a6920) thrown at [C:\jenkins\workspace\8-2-build-windows-x64-cygwin-sans-NAS\jdk8u391\514\hotspot\src\share\vm\cla
Event: 8.067 Thread 0x0000024e844a7000 Exception <a 'java/lang/ClassNotFoundException': kr/co/bestiansoft/ebillservicekg/admin/billMng/vo/SystemBillVoBeanInfo> (0x000000077d44efc0) thrown at [C:\jenkins\workspace\8-2-build-windows-x64-cygwin-sans-NAS\jdk8u391\514\hotspot\src\share\vm\classfile
Event: 8.068 Thread 0x0000024e844a7000 Exception <a 'java/lang/ClassNotFoundException': kr/co/bestiansoft/ebillservicekg/admin/billMng/vo/SystemBillVoCustomizer> (0x000000077d4701d0) thrown at [C:\jenkins\workspace\8-2-build-windows-x64-cygwin-sans-NAS\jdk8u391\514\hotspot\src\share\vm\classfi
Event: 8.094 Thread 0x0000024ea5e49800 Implicit null exception at 0x0000024e85f88cde to 0x0000024e85f88e09

Events (10 events):
Event: 8.542 Thread 0x0000024ea81f8800 DEOPT PACKING pc=0x0000024e86800dd8 sp=0x00000072d03fe200
Event: 8.542 Thread 0x0000024ea81f8800 DEOPT UNPACKING pc=0x0000024e85e97918 sp=0x00000072d03fdf30 mode 0
Event: 8.544 Thread 0x0000024ea81f8800 DEOPT PACKING pc=0x0000024e86800dd8 sp=0x00000072d03fe2b0
Event: 8.544 Thread 0x0000024ea81f8800 DEOPT UNPACKING pc=0x0000024e85e97918 sp=0x00000072d03fdfe0 mode 0
Event: 8.631 Thread 0x0000024ea81f8800 DEOPT PACKING pc=0x0000024e86c144a5 sp=0x00000072d03fe040
Event: 8.631 Thread 0x0000024ea81f8800 DEOPT UNPACKING pc=0x0000024e85e97918 sp=0x00000072d03fdd40 mode 0
Event: 8.657 Thread 0x0000024ea81f8800 DEOPT PACKING pc=0x0000024e86c5c79a sp=0x00000072d03fe6e0
Event: 8.657 Thread 0x0000024ea81f8800 DEOPT UNPACKING pc=0x0000024e85e97918 sp=0x00000072d03fe560 mode 0
Event: 8.709 Thread 0x0000024ea81f8800 DEOPT PACKING pc=0x0000024e86c2dd2a sp=0x00000072d03fe090
Event: 8.709 Thread 0x0000024ea81f8800 DEOPT UNPACKING pc=0x0000024e85e97918 sp=0x00000072d03fddd8 mode 0


Dynamic libraries:
0x00007ff6a5c20000 - 0x00007ff6a5c6a000 	C:\Program Files\Java\jdk-1.8\bin\java.exe
0x00007ffd962f0000 - 0x00007ffd96507000 	C:\windows\SYSTEM32\ntdll.dll
0x00007ffd946f0000 - 0x00007ffd947b4000 	C:\windows\System32\KERNEL32.DLL
0x00007ffd937f0000 - 0x00007ffd93ba7000 	C:\windows\System32\KERNELBASE.dll
0x00007ffd94470000 - 0x00007ffd94522000 	C:\windows\System32\ADVAPI32.dll
0x00007ffd94840000 - 0x00007ffd948e7000 	C:\windows\System32\msvcrt.dll
0x00007ffd953c0000 - 0x00007ffd95468000 	C:\windows\System32\sechost.dll
0x00007ffd93dc0000 - 0x00007ffd93de8000 	C:\windows\System32\bcrypt.dll
0x00007ffd95220000 - 0x00007ffd95334000 	C:\windows\System32\RPCRT4.dll
0x00007ffd942c0000 - 0x00007ffd9446f000 	C:\windows\System32\USER32.dll
0x00007ffd93720000 - 0x00007ffd93746000 	C:\windows\System32\win32u.dll
0x00007ffd94d80000 - 0x00007ffd94da9000 	C:\windows\System32\GDI32.dll
0x00007ffd93c30000 - 0x00007ffd93d48000 	C:\windows\System32\gdi32full.dll
0x00007ffd93750000 - 0x00007ffd937ea000 	C:\windows\System32\msvcp_win.dll
0x00007ffd93600000 - 0x00007ffd93711000 	C:\windows\System32\ucrtbase.dll
0x00007ffd77410000 - 0x00007ffd776a3000 	C:\windows\WinSxS\amd64_microsoft.windows.common-controls_6595b64144ccf1df_6.0.22621.3672_none_2713b9d173822955\COMCTL32.dll
0x00007ffd940f0000 - 0x00007ffd94121000 	C:\windows\System32\IMM32.DLL
0x00007ffd7c590000 - 0x00007ffd7c5ab000 	C:\Program Files\Java\jdk-1.8\jre\bin\vcruntime140.dll
0x00007ffd6af30000 - 0x00007ffd6af3c000 	C:\Program Files\Java\jdk-1.8\jre\bin\vcruntime140_1.dll
0x00007ffd31530000 - 0x00007ffd315be000 	C:\Program Files\Java\jdk-1.8\jre\bin\msvcp140.dll
0x00007ffd30c80000 - 0x00007ffd31530000 	C:\Program Files\Java\jdk-1.8\jre\bin\server\jvm.dll
0x00007ffd96290000 - 0x00007ffd96298000 	C:\windows\System32\PSAPI.DLL
0x00007ffd8a490000 - 0x00007ffd8a4c4000 	C:\windows\SYSTEM32\WINMM.dll
0x00007ffd7b9d0000 - 0x00007ffd7b9d9000 	C:\windows\SYSTEM32\WSOCK32.dll
0x00007ffd7d8d0000 - 0x00007ffd7d8da000 	C:\windows\SYSTEM32\VERSION.dll
0x00007ffd94db0000 - 0x00007ffd94e21000 	C:\windows\System32\WS2_32.dll
0x00007ffd926a0000 - 0x00007ffd926b8000 	C:\windows\SYSTEM32\kernel.appcore.dll
0x00007ffd697a0000 - 0x00007ffd697b0000 	C:\Program Files\Java\jdk-1.8\jre\bin\verify.dll
0x00007ffd31650000 - 0x00007ffd3167b000 	C:\Program Files\Java\jdk-1.8\jre\bin\java.dll
0x00007ffd6f5c0000 - 0x00007ffd6f5f4000 	C:\Program Files\Java\jdk-1.8\jre\bin\instrument.dll
0x00007ffd30c60000 - 0x00007ffd30c78000 	C:\Program Files\Java\jdk-1.8\jre\bin\zip.dll
0x00007ffd95820000 - 0x00007ffd96089000 	C:\windows\System32\SHELL32.dll
0x00007ffd91530000 - 0x00007ffd91e2f000 	C:\windows\SYSTEM32\windows.storage.dll
0x00007ffd94e90000 - 0x00007ffd9521e000 	C:\windows\System32\combase.dll
0x00007ffd913f0000 - 0x00007ffd9152f000 	C:\windows\SYSTEM32\wintypes.dll
0x00007ffd94130000 - 0x00007ffd94229000 	C:\windows\System32\SHCORE.dll
0x00007ffd94e30000 - 0x00007ffd94e8e000 	C:\windows\System32\shlwapi.dll
0x00007ffd93530000 - 0x00007ffd93557000 	C:\windows\SYSTEM32\profapi.dll
0x00007ffd7c210000 - 0x00007ffd7c22a000 	C:\Program Files\JetBrains\IntelliJ IDEA Community Edition 2023.3.2\bin\breakgen64.dll
0x00007ffd309b0000 - 0x00007ffd309cc000 	C:\Program Files\Java\jdk-1.8\jre\bin\net.dll
0x00007ffd92b70000 - 0x00007ffd92bd9000 	C:\windows\system32\mswsock.dll
0x00007ffd8ba50000 - 0x00007ffd8ba5d000 	C:\Program Files\Java\jdk-1.8\jre\bin\management.dll
0x00007ffd7c0b0000 - 0x00007ffd7c0c7000 	C:\windows\system32\napinsp.dll
0x00007ffd7bfd0000 - 0x00007ffd7bfeb000 	C:\windows\system32\pnrpnsp.dll
0x00007ffd92170000 - 0x00007ffd92272000 	C:\windows\SYSTEM32\DNSAPI.dll
0x00007ffd92100000 - 0x00007ffd9212d000 	C:\windows\SYSTEM32\IPHLPAPI.DLL
0x00007ffd95810000 - 0x00007ffd95819000 	C:\windows\System32\NSI.dll
0x00007ffd7c0d0000 - 0x00007ffd7c0e1000 	C:\windows\System32\winrnr.dll
0x00007ffd8b0a0000 - 0x00007ffd8b0b5000 	C:\windows\system32\wshbth.dll
0x00007ffd42180000 - 0x00007ffd421a7000 	C:\windows\system32\nlansp_c.dll
0x00007ffd8b150000 - 0x00007ffd8b15a000 	C:\Windows\System32\rasadhlp.dll
0x00007ffd8bf80000 - 0x00007ffd8c003000 	C:\windows\System32\fwpuclnt.dll
0x00007ffd30a30000 - 0x00007ffd30a43000 	C:\Program Files\Java\jdk-1.8\jre\bin\nio.dll
0x00007ffd92da0000 - 0x00007ffd92dbb000 	C:\windows\SYSTEM32\CRYPTSP.dll
0x00007ffd92660000 - 0x00007ffd92695000 	C:\windows\system32\rsaenh.dll
0x00007ffd92c30000 - 0x00007ffd92c58000 	C:\windows\SYSTEM32\USERENV.dll
0x00007ffd93bb0000 - 0x00007ffd93c2b000 	C:\windows\System32\bcryptprimitives.dll
0x00007ffd92d90000 - 0x00007ffd92d9c000 	C:\windows\SYSTEM32\CRYPTBASE.dll
0x00007ffd8d140000 - 0x00007ffd8d159000 	C:\windows\SYSTEM32\dhcpcsvc6.DLL
0x00007ffd8d120000 - 0x00007ffd8d13f000 	C:\windows\SYSTEM32\dhcpcsvc.DLL
0x00007ffd72e60000 - 0x00007ffd72e85000 	C:\Program Files\Java\jdk-1.8\jre\bin\sunec.dll
0x00007ffd8a200000 - 0x00007ffd8a20d000 	C:\Program Files\Java\jdk-1.8\jre\bin\sunmscapi.dll
0x00007ffd93df0000 - 0x00007ffd93f56000 	C:\windows\System32\CRYPT32.dll
0x00007ffd92fa0000 - 0x00007ffd92fcd000 	C:\windows\SYSTEM32\ncrypt.dll
0x00007ffd92f60000 - 0x00007ffd92f97000 	C:\windows\SYSTEM32\NTASN1.dll
0x00007ffd8d350000 - 0x00007ffd8d582000 	C:\windows\SYSTEM32\dbghelp.dll
0x00007ffd95470000 - 0x00007ffd95547000 	C:\windows\System32\OLEAUT32.dll

VM Arguments:
jvm_args: -javaagent:C:\Program Files\JetBrains\IntelliJ IDEA Community Edition 2023.3.2\lib\idea_rt.jar=65429:C:\Program Files\JetBrains\IntelliJ IDEA Community Edition 2023.3.2\bin -Dfile.encoding=UTF-8 
java_command: kr.co.bestiansoft.ebillservicekg.EbillServiceKgApplication
java_class_path (initial): C:\Program Files\Java\jdk-1.8\jre\lib\charsets.jar;C:\Program Files\Java\jdk-1.8\jre\lib\deploy.jar;C:\Program Files\Java\jdk-1.8\jre\lib\ext\access-bridge-64.jar;C:\Program Files\Java\jdk-1.8\jre\lib\ext\cldrdata.jar;C:\Program Files\Java\jdk-1.8\jre\lib\ext\dnsns.jar;C:\Program Files\Java\jdk-1.8\jre\lib\ext\jaccess.jar;C:\Program Files\Java\jdk-1.8\jre\lib\ext\jfxrt.jar;C:\Program Files\Java\jdk-1.8\jre\lib\ext\localedata.jar;C:\Program Files\Java\jdk-1.8\jre\lib\ext\nashorn.jar;C:\Program Files\Java\jdk-1.8\jre\lib\ext\sunec.jar;C:\Program Files\Java\jdk-1.8\jre\lib\ext\sunjce_provider.jar;C:\Program Files\Java\jdk-1.8\jre\lib\ext\sunmscapi.jar;C:\Program Files\Java\jdk-1.8\jre\lib\ext\sunpkcs11.jar;C:\Program Files\Java\jdk-1.8\jre\lib\ext\zipfs.jar;C:\Program Files\Java\jdk-1.8\jre\lib\javaws.jar;C:\Program Files\Java\jdk-1.8\jre\lib\jce.jar;C:\Program Files\Java\jdk-1.8\jre\lib\jfr.jar;C:\Program Files\Java\jdk-1.8\jre\lib\jfxswt.jar;C:\Program Files\Java\jdk-1.8\jre\lib\jsse.jar;C:\Program Files\Java\jdk-1.8\jre\lib\management-agent.jar;C:\Program Files\Java\jdk-1.8\jre\lib\plugin.jar;C:\Program Files\Java\jdk-1.8\jre\lib\resources.jar;C:\Program Files\Java\jdk-1.8\jre\lib\rt.jar;C:\workspacekg\ebill-service-kg\target\classes;C:\Users\bestian1\.m2\repository\org\springframework\boot\spring-boot-starter-web\2.7.18\spring-boot-starter-web-2.7.18.jar;C:\Users\bestian1\.m2\repository\org\springframework\boot\spring-boot-starter\2.7.18\spring-boot-starter-2.7.18.jar;C:\Users\bestian1\.m2\repository\org\springframework\boot\spring-boot\2.7.18\spring-boot-2.7.18.jar;C:\Users\bestian1\.m2\repository\org\springframework\boot\spring-boot-autoconfigure\2.7.18\spring-boot-autoconfigure-2.7.18.jar;C:\Users\bestian1\.m2\repository\org\springframework\boot\spring-boot-starter-logging\2.7.18\spring-boot-starter-logging-2.7.18.jar;C:\Users\bestian1\.m2\repository\ch\qos\logback\logback-classic\1.2.12\logback-classic-1.2.12.jar;C:\Users\bestian1\.
Launcher Type: SUN_STANDARD

Environment Variables:
JAVA_HOME=C:\Program Files\Java\jdk-1.8
PATH=C:\Python312\Scripts\;C:\Python312\;C:\Program Files\Java\jdk-1.8\bin;C:\Program Files (x86)\Common Files\Oracle\Java\javapath;C:\windows\system32;C:\windows;C:\windows\System32\Wbem;C:\windows\System32\WindowsPowerShell\v1.0\;C:\windows\System32\OpenSSH\;C:\Program Files\Bandizip\;C:\ProgramData\chocolatey\bin;C:\Program Files\nodejs\;C:\Program Files\TortoiseSVN\bin;C:\Program Files\Git\cmd;C:\Program Files\MySQL\MySQL Shell 8.0\bin\;C:\Users\bestian1\AppData\Local\Microsoft\WindowsApps;C:\Program Files\JetBrains\IntelliJ IDEA 2023.3.2\bin;;C:\Program Files\JetBrains\IntelliJ IDEA Community Edition 2023.3.2\bin;;C:\Users\bestian1\AppData\Roaming\npm;C:\Program Files\nodejs\;C:\Users\bestian1\AppData\Local\Programs\Microsoft VS Code\bin;C:\Users\bestian1\AppData\Local\GitHubDesktop\bin
USERNAME=bestian1
OS=Windows_NT
PROCESSOR_IDENTIFIER=Intel64 Family 6 Model 186 Stepping 3, GenuineIntel



---------------  S Y S T E M  ---------------

OS: Windows 11 , 64 bit Build 22621 (10.0.22621.3958)

CPU:total 12 (initial active 12) (6 cores per cpu, 2 threads per core) family 6 model 186 stepping 3, cmov, cx8, fxsr, mmx, sse, sse2, sse3, ssse3, sse4.1, sse4.2, popcnt, avx, avx2, aes, clmul, erms, 3dnowpref, lzcnt, ht, tsc, tscinvbit, bmi1, bmi2, adx

Memory: 4k page, physical 16412432k(1958320k free), swap 45610252k(4184k free)

vm_info: Java HotSpot(TM) 64-Bit Server VM (25.391-b13) for windows-amd64 JRE (1.8.0_391-b13), built on Oct  4 2023 07:54:08 by "java_re" with MS VC++ 17.1 (VS2022)

time: Thu Apr 17 18:14:28 2025
timezone: Intel64 Family 6 Model 186 Stepping 3, GenuineIntel
elapsed time: 8.768559 seconds (0d 0h 0m 8s)

