#
# There is insufficient memory for the Java Runtime Environment to continue.
# Native memory allocation (malloc) failed to allocate 32744 bytes for ChunkPool::allocate
# Possible reasons:
#   The system is out of physical RAM or swap space
#   The process is running with CompressedOops enabled, and the Java Heap may be blocking the growth of the native heap
# Possible solutions:
#   Reduce memory load on the system
#   Increase physical memory or swap space
#   Check if swap backing store is full
#   Decrease Java heap size (-Xmx/-Xms)
#   Decrease number of Java threads
#   Decrease Java thread stack sizes (-Xss)
#   Set larger code cache with -XX:ReservedCodeCacheSize=
#   JVM is running with Zero Based Compressed Oops mode in which the Java heap is
#     placed in the first 32GB address space. The Java Heap base address is the
#     maximum limit for the native heap growth. Please use -XX:HeapBaseMinAddress
#     to set the Java Heap base and to place the Java Heap above 32GB virtual address.
# This output file may be truncated or incomplete.
#
#  Out of Memory Error (allocation.cpp:272), pid=2924, tid=0x0000000000004bfc
#
# JRE version: Java(TM) SE Runtime Environment (8.0_391) (build 1.8.0_391-b13)
# Java VM: Java HotSpot(TM) 64-Bit Server VM (25.391-b13 mixed mode windows-amd64 compressed oops)
# Failed to write core dump. Minidumps are not enabled by default on client versions of Windows
#

---------------  T H R E A D  ---------------

Current thread (0x000001af4da5a800):  JavaThread "C2 CompilerThread1" daemon [_thread_in_native, id=19452, stack(0x00000074eb300000,0x00000074eb400000)]

Stack: [0x00000074eb300000,0x00000074eb400000]
Native frames: (J=compiled Java code, j=interpreted, Vv=VM code, C=native code)
V  [jvm.dll+0x353049]


Current CompileTask:
C2:3136013 14221       4       com.fasterxml.jackson.databind.deser.std.UntypedObjectDeserializer$Vanilla::deserialize (277 bytes)


---------------  P R O C E S S  ---------------

Java Threads: ( => current thread )
  0x000001af4ed0b800 JavaThread "MessageBroker-12" [_thread_blocked, id=8664, stack(0x00000074ed300000,0x00000074ed400000)]
  0x000001af4ed08000 JavaThread "MessageBroker-11" [_thread_blocked, id=29256, stack(0x00000074ed200000,0x00000074ed300000)]
  0x000001af4d841000 JavaThread "MessageBroker-10" [_thread_blocked, id=14912, stack(0x00000074ece00000,0x00000074ecf00000)]
  0x000001af4d840000 JavaThread "MessageBroker-9" [_thread_blocked, id=21488, stack(0x00000074ecb00000,0x00000074ecc00000)]
  0x000001af4d83e800 JavaThread "MessageBroker-8" [_thread_blocked, id=28720, stack(0x00000074ed100000,0x00000074ed200000)]
  0x000001af4d841800 JavaThread "MessageBroker-7" [_thread_blocked, id=23960, stack(0x00000074ecf00000,0x00000074ed000000)]
  0x000001af4d836000 JavaThread "RMI Scheduler(0)" daemon [_thread_blocked, id=27176, stack(0x00000074ed000000,0x00000074ed100000)]
  0x000001af4d837800 JavaThread "GC Daemon" daemon [_thread_blocked, id=27580, stack(0x00000074ea000000,0x00000074ea100000)]
  0x000001af4d83d000 JavaThread "RMI RenewClean-[43.203.192.251:46205]" daemon [_thread_blocked, id=5824, stack(0x00000074e9f00000,0x00000074ea000000)]
  0x000001af4d83b800 JavaThread "MessageBroker-6" [_thread_blocked, id=16440, stack(0x00000074e9e00000,0x00000074e9f00000)]
  0x000001af4d837000 JavaThread "MessageBroker-5" [_thread_blocked, id=9160, stack(0x00000074ecd00000,0x00000074ece00000)]
  0x000001af4d83a800 JavaThread "HikariPool-1 housekeeper" daemon [_thread_blocked, id=17552, stack(0x00000074ecc00000,0x00000074ecd00000)]
  0x000001af4d834000 JavaThread "DestroyJavaVM" [_thread_blocked, id=14244, stack(0x00000074ea100000,0x00000074ea200000)]
  0x000001af4d835800 JavaThread "MessageBroker-4" [_thread_blocked, id=6016, stack(0x00000074eca00000,0x00000074ecb00000)]
  0x000001af4d833000 JavaThread "MessageBroker-3" [_thread_blocked, id=1208, stack(0x00000074ec900000,0x00000074eca00000)]
  0x000001af4d83a000 JavaThread "MessageBroker-2" [_thread_blocked, id=7052, stack(0x00000074ec800000,0x00000074ec900000)]
  0x000001af52b22000 JavaThread "http-nio-8081-Acceptor" daemon [_thread_in_native, id=11504, stack(0x00000074ec700000,0x00000074ec800000)]
  0x000001af52b1f000 JavaThread "http-nio-8081-Poller" daemon [_thread_in_native, id=2148, stack(0x00000074ec600000,0x00000074ec700000)]
  0x000001af52b1d800 JavaThread "http-nio-8081-exec-10" daemon [_thread_in_native, id=28192, stack(0x00000074ec500000,0x00000074ec600000)]
  0x000001af52b20800 JavaThread "http-nio-8081-exec-9" daemon [_thread_blocked, id=13712, stack(0x00000074ec400000,0x00000074ec500000)]
  0x000001af52b1b000 JavaThread "http-nio-8081-exec-8" daemon [_thread_blocked, id=5356, stack(0x00000074ec300000,0x00000074ec400000)]
  0x000001af52b1f800 JavaThread "http-nio-8081-exec-7" daemon [_thread_in_native, id=25016, stack(0x00000074ec200000,0x00000074ec300000)]
  0x000001af52b1c800 JavaThread "http-nio-8081-exec-6" daemon [_thread_blocked, id=28172, stack(0x00000074ec100000,0x00000074ec200000)]
  0x000001af52b1c000 JavaThread "http-nio-8081-exec-5" daemon [_thread_blocked, id=28224, stack(0x00000074ec000000,0x00000074ec100000)]
  0x000001af52b1e000 JavaThread "http-nio-8081-exec-4" daemon [_thread_in_native, id=22820, stack(0x00000074ebf00000,0x00000074ec000000)]
  0x000001af50d9b800 JavaThread "http-nio-8081-exec-3" daemon [_thread_in_native, id=20888, stack(0x00000074ebe00000,0x00000074ebf00000)]
  0x000001af50d9a800 JavaThread "http-nio-8081-exec-2" daemon [_thread_blocked, id=23788, stack(0x00000074ebd00000,0x00000074ebe00000)]
  0x000001af51aa5800 JavaThread "http-nio-8081-exec-1" daemon [_thread_blocked, id=17500, stack(0x00000074ebc00000,0x00000074ebd00000)]
  0x000001af5039d800 JavaThread "MessageBroker-1" [_thread_blocked, id=28404, stack(0x00000074ebb00000,0x00000074ebc00000)]
  0x000001af501dd800 JavaThread "container-0" [_thread_blocked, id=1888, stack(0x00000074eba00000,0x00000074ebb00000)]
  0x000001af4f047000 JavaThread "Catalina-utility-2" [_thread_blocked, id=8332, stack(0x00000074eb900000,0x00000074eba00000)]
  0x000001af50464800 JavaThread "Catalina-utility-1" [_thread_blocked, id=11912, stack(0x00000074eb800000,0x00000074eb900000)]
  0x000001af4daf8000 JavaThread "Service Thread" daemon [_thread_blocked, id=16936, stack(0x00000074eb600000,0x00000074eb700000)]
  0x000001af4da61000 JavaThread "C1 CompilerThread3" daemon [_thread_blocked, id=24212, stack(0x00000074eb500000,0x00000074eb600000)]
  0x000001af4da5c000 JavaThread "C2 CompilerThread2" daemon [_thread_blocked, id=1368, stack(0x00000074eb400000,0x00000074eb500000)]
=>0x000001af4da5a800 JavaThread "C2 CompilerThread1" daemon [_thread_in_native, id=19452, stack(0x00000074eb300000,0x00000074eb400000)]
  0x000001af4da59800 JavaThread "C2 CompilerThread0" daemon [_thread_blocked, id=4852, stack(0x00000074eb200000,0x00000074eb300000)]
  0x000001af4d9f9800 JavaThread "Monitor Ctrl-Break" daemon [_thread_in_native, id=15684, stack(0x00000074eb100000,0x00000074eb200000)]
  0x000001af4b24b800 JavaThread "Attach Listener" daemon [_thread_blocked, id=28000, stack(0x00000074eb000000,0x00000074eb100000)]
  0x000001af4d4d3800 JavaThread "Signal Dispatcher" daemon [_thread_blocked, id=12060, stack(0x00000074eaf00000,0x00000074eb000000)]
  0x000001af30427800 JavaThread "Finalizer" daemon [_thread_blocked, id=9376, stack(0x00000074eae00000,0x00000074eaf00000)]
  0x000001af4b21a000 JavaThread "Reference Handler" daemon [_thread_blocked, id=8168, stack(0x00000074ead00000,0x00000074eae00000)]

Other Threads:
  0x000001af30420800 VMThread [stack: 0x00000074eac00000,0x00000074ead00000] [id=17440]
  0x000001af4db96000 WatcherThread [stack: 0x00000074eb700000,0x00000074eb800000] [id=15652]

VM state:not at safepoint (normal execution)

VM Mutex/Monitor currently owned by a thread: None

heap address: 0x00000006c5800000, size: 4008 MB, Compressed Oops mode: Zero based, Oop shift amount: 3
Narrow klass base: 0x0000000000000000, Narrow klass shift: 3
Compressed class space size: 1073741824 Address: 0x00000007c0000000

Heap:
 PSYoungGen      total 753152K, used 86490K [0x000000076c800000, 0x000000079ef00000, 0x00000007c0000000)
  eden space 738304K, 9% used [0x000000076c800000,0x0000000770e00ea0,0x0000000799900000)
  from space 14848K, 99% used [0x000000079e080000,0x000000079eef5b30,0x000000079ef00000)
  to   space 23040K, 0% used [0x000000079c200000,0x000000079c200000,0x000000079d880000)
 ParOldGen       total 175104K, used 34556K [0x00000006c5800000, 0x00000006d0300000, 0x000000076c800000)
  object space 175104K, 19% used [0x00000006c5800000,0x00000006c79bf380,0x00000006d0300000)
 Metaspace       used 69303K, capacity 75136K, committed 75288K, reserved 1116160K
  class space    used 8506K, capacity 9430K, committed 9512K, reserved 1048576K

Card table byte_map: [0x000001af41330000,0x000001af41b10000] byte_map_base: 0x000001af3dd04000

Marking Bits: (ParMarkBitMap*) 0x00007ffd314b6040
 Begin Bits: [0x000001af42050000, 0x000001af45ef0000)
 End Bits:   [0x000001af45ef0000, 0x000001af49d90000)

Polling page: 0x000001af30670000

CodeCache: size=245760Kb used=40755Kb max_used=40767Kb free=205004Kb
 bounds [0x000001af31f70000, 0x000001af347a0000, 0x000001af40f70000]
 total_blobs=12234 nmethods=11668 adapters=476
 compilation: enabled

Compilation events (10 events):
Event: 3135.999 Thread 0x000001af4da5c000 nmethod 14220 0x000001af33417350 code [0x000001af33417480, 0x000001af334174f8]
Event: 3136.000 Thread 0x000001af4da5c000 14222       4       org.springframework.transaction.support.TransactionSynchronizationManager::doGetResource (70 bytes)
Event: 3136.001 Thread 0x000001af4da61000 14224       1       sun.security.ssl.SSLCipher$T13GcmWriteCipherGenerator$GcmWriteCipher::calculatePacketSize (9 bytes)
Event: 3136.001 Thread 0x000001af4da61000 nmethod 14224 0x000001af334c0d10 code [0x000001af334c0e60, 0x000001af334c0f78]
Event: 3136.003 Thread 0x000001af4da59800 nmethod 14219 0x000001af33fca350 code [0x000001af33fca500, 0x000001af33fcaa28]
Event: 3136.003 Thread 0x000001af4da59800 14223       4       org.springframework.transaction.support.TransactionSynchronizationUtils::unwrapResourceIfNecessary (38 bytes)
Event: 3136.003 Thread 0x000001af4da59800 nmethod 14223 0x000001af33ca2190 code [0x000001af33ca22e0, 0x000001af33ca23d8]
Event: 3136.006 Thread 0x000001af4da5c000 nmethod 14222 0x000001af33f54690 code [0x000001af33f54820, 0x000001af33f54db8]
Event: 3136.007 Thread 0x000001af4da61000 14225       1       org.postgresql.core.PGStream$1::flush (1 bytes)
Event: 3136.007 Thread 0x000001af4da61000 nmethod 14225 0x000001af33f9da10 code [0x000001af33f9db60, 0x000001af33f9dc78]

GC Heap History (10 events):
Event: 7.383 GC heap before
{Heap before GC invocations=13 (full 2):
 PSYoungGen      total 435712K, used 420896K [0x000000076c800000, 0x000000078a500000, 0x00000007c0000000)
  eden space 414208K, 100% used [0x000000076c800000,0x0000000785c80000,0x0000000785c80000)
  from space 21504K, 31% used [0x0000000787180000,0x0000000787808000,0x0000000788680000)
  to   space 21504K, 0% used [0x0000000785c80000,0x0000000785c80000,0x0000000787180000)
 ParOldGen       total 122368K, used 33147K [0x00000006c5800000, 0x00000006ccf80000, 0x000000076c800000)
  object space 122368K, 27% used [0x00000006c5800000,0x00000006c785ef80,0x00000006ccf80000)
 Metaspace       used 54098K, capacity 58048K, committed 58280K, reserved 1099776K
  class space    used 6950K, capacity 7590K, committed 7592K, reserved 1048576K
Event: 7.389 GC heap after
Heap after GC invocations=13 (full 2):
 PSYoungGen      total 435712K, used 864K [0x000000076c800000, 0x0000000792b00000, 0x00000007c0000000)
  eden space 414208K, 0% used [0x000000076c800000,0x000000076c800000,0x0000000785c80000)
  from space 21504K, 4% used [0x0000000785c80000,0x0000000785d58000,0x0000000787180000)
  to   space 22016K, 0% used [0x0000000791580000,0x0000000791580000,0x0000000792b00000)
 ParOldGen       total 122368K, used 39319K [0x00000006c5800000, 0x00000006ccf80000, 0x000000076c800000)
  object space 122368K, 32% used [0x00000006c5800000,0x00000006c7e65ff0,0x00000006ccf80000)
 Metaspace       used 54098K, capacity 58048K, committed 58280K, reserved 1099776K
  class space    used 6950K, capacity 7590K, committed 7592K, reserved 1048576K
}
Event: 7.779 GC heap before
{Heap before GC invocations=14 (full 2):
 PSYoungGen      total 435712K, used 415072K [0x000000076c800000, 0x0000000792b00000, 0x00000007c0000000)
  eden space 414208K, 100% used [0x000000076c800000,0x0000000785c80000,0x0000000785c80000)
  from space 21504K, 4% used [0x0000000785c80000,0x0000000785d58000,0x0000000787180000)
  to   space 22016K, 0% used [0x0000000791580000,0x0000000791580000,0x0000000792b00000)
 ParOldGen       total 122368K, used 39319K [0x00000006c5800000, 0x00000006ccf80000, 0x000000076c800000)
  object space 122368K, 32% used [0x00000006c5800000,0x00000006c7e65ff0,0x00000006ccf80000)
 Metaspace       used 54422K, capacity 58516K, committed 58664K, reserved 1099776K
  class space    used 6968K, capacity 7606K, committed 7720K, reserved 1048576K
Event: 7.783 GC heap after
Heap after GC invocations=14 (full 2):
 PSYoungGen      total 585216K, used 4576K [0x000000076c800000, 0x0000000792200000, 0x00000007c0000000)
  eden space 572416K, 0% used [0x000000076c800000,0x000000076c800000,0x000000078f700000)
  from space 12800K, 35% used [0x0000000791580000,0x00000007919f8000,0x0000000792200000)
  to   space 22016K, 0% used [0x000000078f700000,0x000000078f700000,0x0000000790c80000)
 ParOldGen       total 122368K, used 39607K [0x00000006c5800000, 0x00000006ccf80000, 0x000000076c800000)
  object space 122368K, 32% used [0x00000006c5800000,0x00000006c7eadff0,0x00000006ccf80000)
 Metaspace       used 54422K, capacity 58516K, committed 58664K, reserved 1099776K
  class space    used 6968K, capacity 7606K, committed 7720K, reserved 1048576K
}
Event: 7.988 GC heap before
{Heap before GC invocations=15 (full 2):
 PSYoungGen      total 585216K, used 269836K [0x000000076c800000, 0x0000000792200000, 0x00000007c0000000)
  eden space 572416K, 46% used [0x000000076c800000,0x000000077cb0b228,0x000000078f700000)
  from space 12800K, 35% used [0x0000000791580000,0x00000007919f8000,0x0000000792200000)
  to   space 22016K, 0% used [0x000000078f700000,0x000000078f700000,0x0000000790c80000)
 ParOldGen       total 122368K, used 39607K [0x00000006c5800000, 0x00000006ccf80000, 0x000000076c800000)
  object space 122368K, 32% used [0x00000006c5800000,0x00000006c7eadff0,0x00000006ccf80000)
 Metaspace       used 54881K, capacity 59066K, committed 59160K, reserved 1101824K
  class space    used 7024K, capacity 7705K, committed 7720K, reserved 1048576K
Event: 7.993 GC heap after
Heap after GC invocations=15 (full 2):
 PSYoungGen      total 594432K, used 2264K [0x000000076c800000, 0x000000079f600000, 0x00000007c0000000)
  eden space 572416K, 0% used [0x000000076c800000,0x000000076c800000,0x000000078f700000)
  from space 22016K, 10% used [0x000000078f700000,0x000000078f9360e0,0x0000000790c80000)
  to   space 22016K, 0% used [0x000000079e080000,0x000000079e080000,0x000000079f600000)
 ParOldGen       total 122368K, used 43879K [0x00000006c5800000, 0x00000006ccf80000, 0x000000076c800000)
  object space 122368K, 35% used [0x00000006c5800000,0x00000006c82d9ff0,0x00000006ccf80000)
 Metaspace       used 54881K, capacity 59066K, committed 59160K, reserved 1101824K
  class space    used 7024K, capacity 7705K, committed 7720K, reserved 1048576K
}
Event: 7.993 GC heap before
{Heap before GC invocations=16 (full 3):
 PSYoungGen      total 594432K, used 2264K [0x000000076c800000, 0x000000079f600000, 0x00000007c0000000)
  eden space 572416K, 0% used [0x000000076c800000,0x000000076c800000,0x000000078f700000)
  from space 22016K, 10% used [0x000000078f700000,0x000000078f9360e0,0x0000000790c80000)
  to   space 22016K, 0% used [0x000000079e080000,0x000000079e080000,0x000000079f600000)
 ParOldGen       total 122368K, used 43879K [0x00000006c5800000, 0x00000006ccf80000, 0x000000076c800000)
  object space 122368K, 35% used [0x00000006c5800000,0x00000006c82d9ff0,0x00000006ccf80000)
 Metaspace       used 54881K, capacity 59066K, committed 59160K, reserved 1101824K
  class space    used 7024K, capacity 7705K, committed 7720K, reserved 1048576K
Event: 8.111 GC heap after
Heap after GC invocations=16 (full 3):
 PSYoungGen      total 594432K, used 0K [0x000000076c800000, 0x000000079f600000, 0x00000007c0000000)
  eden space 572416K, 0% used [0x000000076c800000,0x000000076c800000,0x000000078f700000)
  from space 22016K, 0% used [0x000000078f700000,0x000000078f700000,0x0000000790c80000)
  to   space 22016K, 0% used [0x000000079e080000,0x000000079e080000,0x000000079f600000)
 ParOldGen       total 175104K, used 34516K [0x00000006c5800000, 0x00000006d0300000, 0x000000076c800000)
  object space 175104K, 19% used [0x00000006c5800000,0x00000006c79b5380,0x00000006d0300000)
 Metaspace       used 54881K, capacity 59066K, committed 59160K, reserved 1101824K
  class space    used 7024K, capacity 7705K, committed 7720K, reserved 1048576K
}
Event: 2987.832 GC heap before
{Heap before GC invocations=17 (full 3):
 PSYoungGen      total 594432K, used 572416K [0x000000076c800000, 0x000000079f600000, 0x00000007c0000000)
  eden space 572416K, 100% used [0x000000076c800000,0x000000078f700000,0x000000078f700000)
  from space 22016K, 0% used [0x000000078f700000,0x000000078f700000,0x0000000790c80000)
  to   space 22016K, 0% used [0x000000079e080000,0x000000079e080000,0x000000079f600000)
 ParOldGen       total 175104K, used 34516K [0x00000006c5800000, 0x00000006d0300000, 0x000000076c800000)
  object space 175104K, 19% used [0x00000006c5800000,0x00000006c79b5380,0x00000006d0300000)
 Metaspace       used 69279K, capacity 75064K, committed 75288K, reserved 1116160K
  class space    used 8504K, capacity 9428K, committed 9512K, reserved 1048576K
Event: 2987.856 GC heap after
Heap after GC invocations=17 (full 3):
 PSYoungGen      total 753152K, used 14806K [0x000000076c800000, 0x000000079ef00000, 0x00000007c0000000)
  eden space 738304K, 0% used [0x000000076c800000,0x000000076c800000,0x0000000799900000)
  from space 14848K, 99% used [0x000000079e080000,0x000000079eef5b30,0x000000079ef00000)
  to   space 23040K, 0% used [0x000000079c200000,0x000000079c200000,0x000000079d880000)
 ParOldGen       total 175104K, used 34556K [0x00000006c5800000, 0x00000006d0300000, 0x000000076c800000)
  object space 175104K, 19% used [0x00000006c5800000,0x00000006c79bf380,0x00000006d0300000)
 Metaspace       used 69279K, capacity 75064K, committed 75288K, reserved 1116160K
  class space    used 8504K, capacity 9428K, committed 9512K, reserved 1048576K
}

Deoptimization events (10 events):
Event: 2290.019 Thread 0x000001af52b1c000 Uncommon trap: reason=unstable_if action=reinterpret pc=0x000001af341abc34 method=org.apache.ibatis.executor.resultset.DefaultResultSetHandler.createResultObject(Lorg/apache/ibatis/executor/resultset/ResultSetWrapper;Lorg/apache/ibatis/mapping/ResultMap;L
Event: 2290.076 Thread 0x000001af52b1b000 Uncommon trap: reason=unstable_if action=reinterpret pc=0x000001af33fa5c40 method=java.lang.Long.toString(J)Ljava/lang/String; @ 14
Event: 2290.076 Thread 0x000001af52b1b000 Uncommon trap: reason=unstable_if action=reinterpret pc=0x000001af33f99bd0 method=java.lang.Long.getChars(JI[C)V @ 9
Event: 2290.105 Thread 0x000001af52b1f800 Uncommon trap: reason=unstable_if action=reinterpret pc=0x000001af3428c45c method=org.postgresql.jdbc.PgResultSet.getFastLong([B)J @ 16
Event: 2290.106 Thread 0x000001af52b1f800 Uncommon trap: reason=unstable_if action=reinterpret pc=0x000001af34299290 method=org.postgresql.jdbc.PgResultSet.getFastLong([B)J @ 16
Event: 2290.107 Thread 0x000001af52b1f800 Uncommon trap: reason=unstable_if action=reinterpret pc=0x000001af32133190 method=com.fasterxml.jackson.core.io.NumberOutput.outputLong(J[BI)I @ 3
Event: 2290.107 Thread 0x000001af52b1f800 Uncommon trap: reason=unstable_if action=reinterpret pc=0x000001af33f9dbf4 method=com.fasterxml.jackson.core.io.NumberOutput.outputInt(I[BI)I @ 1
Event: 2290.107 Thread 0x000001af52b1f800 Uncommon trap: reason=unstable_if action=reinterpret pc=0x000001af33c24c24 method=com.fasterxml.jackson.core.io.NumberOutput.outputLong(J[BI)I @ 3
Event: 2530.656 Thread 0x000001af52b1c000 Uncommon trap: reason=unstable_if action=reinterpret pc=0x000001af34606378 method=java.util.concurrent.locks.AbstractQueuedSynchronizer.unparkSuccessor(Ljava/util/concurrent/locks/AbstractQueuedSynchronizer$Node;)V @ 6
Event: 2749.488 Thread 0x000001af52b1f800 Uncommon trap: reason=unstable_if action=reinterpret pc=0x000001af3456aa4c method=com.fasterxml.jackson.core.json.UTF8StreamJsonParser.nextToken()Lcom/fasterxml/jackson/core/JsonToken; @ 59

Classes redefined (0 events):
No events

Internal exceptions (10 events):
Event: 1665.417 Thread 0x000001af52b1b000 Implicit null exception at 0x000001af343cf85c to 0x000001af343d3931
Event: 1665.417 Thread 0x000001af52b1c800 Implicit null exception at 0x000001af343cf85c to 0x000001af343d3931
Event: 1665.417 Thread 0x000001af50d9b800 Implicit null exception at 0x000001af343cf85c to 0x000001af343d3931
Event: 1732.640 Thread 0x000001af52b1b000 Implicit null exception at 0x000001af33a29724 to 0x000001af33a2d2e1
Event: 2290.061 Thread 0x000001af52b1b000 Exception <a 'java/lang/ClassNotFoundException': java/lang/ObjectCustomizer> (0x00000007876e3a18) thrown at [C:\jenkins\workspace\8-2-build-windows-x64-cygwin-sans-NAS\jdk8u391\514\hotspot\src\share\vm\classfile\systemDictionary.cpp, line 213]
Event: 2290.062 Thread 0x000001af52b1b000 Exception <a 'java/lang/ClassNotFoundException': kr/co/bestiansoft/ebillservicekg/common/vo/ComDefaultVOCustomizer> (0x000000078770a298) thrown at [C:\jenkins\workspace\8-2-build-windows-x64-cygwin-sans-NAS\jdk8u391\514\hotspot\src\share\vm\classfile\syst
Event: 2290.063 Thread 0x000001af52b1b000 Exception <a 'java/lang/ClassNotFoundException': kr/co/bestiansoft/ebillservicekg/document/vo/FolderVoCustomizer> (0x0000000787762898) thrown at [C:\jenkins\workspace\8-2-build-windows-x64-cygwin-sans-NAS\jdk8u391\514\hotspot\src\share\vm\classfile\system
Event: 2290.068 Thread 0x000001af52b1f800 Exception <a 'java/lang/ClassNotFoundException': java/lang/ObjectCustomizer> (0x0000000787ada7f8) thrown at [C:\jenkins\workspace\8-2-build-windows-x64-cygwin-sans-NAS\jdk8u391\514\hotspot\src\share\vm\classfile\systemDictionary.cpp, line 213]
Event: 2290.069 Thread 0x000001af52b1f800 Exception <a 'java/lang/ClassNotFoundException': kr/co/bestiansoft/ebillservicekg/common/vo/ComDefaultVOCustomizer> (0x0000000787b001f0) thrown at [C:\jenkins\workspace\8-2-build-windows-x64-cygwin-sans-NAS\jdk8u391\514\hotspot\src\share\vm\classfile\syst
Event: 2290.074 Thread 0x000001af52b1f800 Exception <a 'java/lang/ClassNotFoundException': kr/co/bestiansoft/ebillservicekg/document/vo/FileVoCustomizer> (0x0000000787b57ee8) thrown at [C:\jenkins\workspace\8-2-build-windows-x64-cygwin-sans-NAS\jdk8u391\514\hotspot\src\share\vm\classfile\systemDi

Events (10 events):
Event: 3017.892 Executing VM operation: RevokeBias
Event: 3017.892 Executing VM operation: RevokeBias done
Event: 3053.678 Thread 0x000001af52b1f800 DEOPT PACKING pc=0x000001af344056e0 sp=0x00000074ec2f91c0
Event: 3053.678 Thread 0x000001af52b1f800 DEOPT UNPACKING pc=0x000001af31fb7918 sp=0x00000074ec2f9110 mode 0
Event: 3053.686 Executing VM operation: RevokeBias
Event: 3053.686 Executing VM operation: RevokeBias done
Event: 3053.686 Executing VM operation: RevokeBias
Event: 3053.687 Executing VM operation: RevokeBias done
Event: 3131.252 Executing VM operation: RevokeBias
Event: 3131.252 Executing VM operation: RevokeBias done


Dynamic libraries:
0x00007ff6a5c20000 - 0x00007ff6a5c6a000 	C:\Program Files\Java\jdk-1.8\bin\java.exe
0x00007ffd962f0000 - 0x00007ffd96507000 	C:\windows\SYSTEM32\ntdll.dll
0x00007ffd946f0000 - 0x00007ffd947b4000 	C:\windows\System32\KERNEL32.DLL
0x00007ffd937f0000 - 0x00007ffd93ba7000 	C:\windows\System32\KERNELBASE.dll
0x00007ffd94470000 - 0x00007ffd94522000 	C:\windows\System32\ADVAPI32.dll
0x00007ffd94840000 - 0x00007ffd948e7000 	C:\windows\System32\msvcrt.dll
0x00007ffd953c0000 - 0x00007ffd95468000 	C:\windows\System32\sechost.dll
0x00007ffd93dc0000 - 0x00007ffd93de8000 	C:\windows\System32\bcrypt.dll
0x00007ffd95220000 - 0x00007ffd95334000 	C:\windows\System32\RPCRT4.dll
0x00007ffd942c0000 - 0x00007ffd9446f000 	C:\windows\System32\USER32.dll
0x00007ffd93720000 - 0x00007ffd93746000 	C:\windows\System32\win32u.dll
0x00007ffd94d80000 - 0x00007ffd94da9000 	C:\windows\System32\GDI32.dll
0x00007ffd93c30000 - 0x00007ffd93d48000 	C:\windows\System32\gdi32full.dll
0x00007ffd93750000 - 0x00007ffd937ea000 	C:\windows\System32\msvcp_win.dll
0x00007ffd93600000 - 0x00007ffd93711000 	C:\windows\System32\ucrtbase.dll
0x00007ffd77410000 - 0x00007ffd776a3000 	C:\windows\WinSxS\amd64_microsoft.windows.common-controls_6595b64144ccf1df_6.0.22621.3672_none_2713b9d173822955\COMCTL32.dll
0x00007ffd940f0000 - 0x00007ffd94121000 	C:\windows\System32\IMM32.DLL
0x00007ffd7c590000 - 0x00007ffd7c5ab000 	C:\Program Files\Java\jdk-1.8\jre\bin\vcruntime140.dll
0x00007ffd6af30000 - 0x00007ffd6af3c000 	C:\Program Files\Java\jdk-1.8\jre\bin\vcruntime140_1.dll
0x00007ffd31530000 - 0x00007ffd315be000 	C:\Program Files\Java\jdk-1.8\jre\bin\msvcp140.dll
0x00007ffd30c80000 - 0x00007ffd31530000 	C:\Program Files\Java\jdk-1.8\jre\bin\server\jvm.dll
0x00007ffd96290000 - 0x00007ffd96298000 	C:\windows\System32\PSAPI.DLL
0x00007ffd8a490000 - 0x00007ffd8a4c4000 	C:\windows\SYSTEM32\WINMM.dll
0x00007ffd7d8d0000 - 0x00007ffd7d8da000 	C:\windows\SYSTEM32\VERSION.dll
0x00007ffd7b9d0000 - 0x00007ffd7b9d9000 	C:\windows\SYSTEM32\WSOCK32.dll
0x00007ffd94db0000 - 0x00007ffd94e21000 	C:\windows\System32\WS2_32.dll
0x00007ffd926a0000 - 0x00007ffd926b8000 	C:\windows\SYSTEM32\kernel.appcore.dll
0x00007ffd697a0000 - 0x00007ffd697b0000 	C:\Program Files\Java\jdk-1.8\jre\bin\verify.dll
0x00007ffd31650000 - 0x00007ffd3167b000 	C:\Program Files\Java\jdk-1.8\jre\bin\java.dll
0x00007ffd6f5c0000 - 0x00007ffd6f5f4000 	C:\Program Files\Java\jdk-1.8\jre\bin\instrument.dll
0x00007ffd30c60000 - 0x00007ffd30c78000 	C:\Program Files\Java\jdk-1.8\jre\bin\zip.dll
0x00007ffd95820000 - 0x00007ffd96089000 	C:\windows\System32\SHELL32.dll
0x00007ffd91530000 - 0x00007ffd91e2f000 	C:\windows\SYSTEM32\windows.storage.dll
0x00007ffd94e90000 - 0x00007ffd9521e000 	C:\windows\System32\combase.dll
0x00007ffd913f0000 - 0x00007ffd9152f000 	C:\windows\SYSTEM32\wintypes.dll
0x00007ffd94130000 - 0x00007ffd94229000 	C:\windows\System32\SHCORE.dll
0x00007ffd94e30000 - 0x00007ffd94e8e000 	C:\windows\System32\shlwapi.dll
0x00007ffd93530000 - 0x00007ffd93557000 	C:\windows\SYSTEM32\profapi.dll
0x00007ffd7c5b0000 - 0x00007ffd7c5ca000 	C:\Program Files\JetBrains\IntelliJ IDEA Community Edition 2023.3.2\bin\breakgen64.dll
0x00007ffd309b0000 - 0x00007ffd309cc000 	C:\Program Files\Java\jdk-1.8\jre\bin\net.dll
0x00007ffd92b70000 - 0x00007ffd92bd9000 	C:\windows\system32\mswsock.dll
0x00007ffd8a200000 - 0x00007ffd8a20d000 	C:\Program Files\Java\jdk-1.8\jre\bin\management.dll
0x00007ffd7c0b0000 - 0x00007ffd7c0c7000 	C:\windows\system32\napinsp.dll
0x00007ffd7bfd0000 - 0x00007ffd7bfeb000 	C:\windows\system32\pnrpnsp.dll
0x00007ffd92170000 - 0x00007ffd92272000 	C:\windows\SYSTEM32\DNSAPI.dll
0x00007ffd92100000 - 0x00007ffd9212d000 	C:\windows\SYSTEM32\IPHLPAPI.DLL
0x00007ffd95810000 - 0x00007ffd95819000 	C:\windows\System32\NSI.dll
0x00007ffd7c0d0000 - 0x00007ffd7c0e1000 	C:\windows\System32\winrnr.dll
0x00007ffd8b0a0000 - 0x00007ffd8b0b5000 	C:\windows\system32\wshbth.dll
0x00007ffd42180000 - 0x00007ffd421a7000 	C:\windows\system32\nlansp_c.dll
0x00007ffd8b150000 - 0x00007ffd8b15a000 	C:\Windows\System32\rasadhlp.dll
0x00007ffd8bf80000 - 0x00007ffd8c003000 	C:\windows\System32\fwpuclnt.dll
0x00007ffd30a30000 - 0x00007ffd30a43000 	C:\Program Files\Java\jdk-1.8\jre\bin\nio.dll
0x00007ffd92da0000 - 0x00007ffd92dbb000 	C:\windows\SYSTEM32\CRYPTSP.dll
0x00007ffd92660000 - 0x00007ffd92695000 	C:\windows\system32\rsaenh.dll
0x00007ffd92c30000 - 0x00007ffd92c58000 	C:\windows\SYSTEM32\USERENV.dll
0x00007ffd93bb0000 - 0x00007ffd93c2b000 	C:\windows\System32\bcryptprimitives.dll
0x00007ffd92d90000 - 0x00007ffd92d9c000 	C:\windows\SYSTEM32\CRYPTBASE.dll
0x00007ffd8d140000 - 0x00007ffd8d159000 	C:\windows\SYSTEM32\dhcpcsvc6.DLL
0x00007ffd8d120000 - 0x00007ffd8d13f000 	C:\windows\SYSTEM32\dhcpcsvc.DLL
0x00007ffd72e60000 - 0x00007ffd72e85000 	C:\Program Files\Java\jdk-1.8\jre\bin\sunec.dll
0x00007ffd7c220000 - 0x00007ffd7c22d000 	C:\Program Files\Java\jdk-1.8\jre\bin\sunmscapi.dll
0x00007ffd93df0000 - 0x00007ffd93f56000 	C:\windows\System32\CRYPT32.dll
0x00007ffd92fa0000 - 0x00007ffd92fcd000 	C:\windows\SYSTEM32\ncrypt.dll
0x00007ffd92f60000 - 0x00007ffd92f97000 	C:\windows\SYSTEM32\NTASN1.dll

VM Arguments:
jvm_args: -javaagent:C:\Program Files\JetBrains\IntelliJ IDEA Community Edition 2023.3.2\lib\idea_rt.jar=64581:C:\Program Files\JetBrains\IntelliJ IDEA Community Edition 2023.3.2\bin -Dfile.encoding=UTF-8 
java_command: kr.co.bestiansoft.ebillservicekg.EbillServiceKgApplication
java_class_path (initial): C:\Program Files\Java\jdk-1.8\jre\lib\charsets.jar;C:\Program Files\Java\jdk-1.8\jre\lib\deploy.jar;C:\Program Files\Java\jdk-1.8\jre\lib\ext\access-bridge-64.jar;C:\Program Files\Java\jdk-1.8\jre\lib\ext\cldrdata.jar;C:\Program Files\Java\jdk-1.8\jre\lib\ext\dnsns.jar;C:\Program Files\Java\jdk-1.8\jre\lib\ext\jaccess.jar;C:\Program Files\Java\jdk-1.8\jre\lib\ext\jfxrt.jar;C:\Program Files\Java\jdk-1.8\jre\lib\ext\localedata.jar;C:\Program Files\Java\jdk-1.8\jre\lib\ext\nashorn.jar;C:\Program Files\Java\jdk-1.8\jre\lib\ext\sunec.jar;C:\Program Files\Java\jdk-1.8\jre\lib\ext\sunjce_provider.jar;C:\Program Files\Java\jdk-1.8\jre\lib\ext\sunmscapi.jar;C:\Program Files\Java\jdk-1.8\jre\lib\ext\sunpkcs11.jar;C:\Program Files\Java\jdk-1.8\jre\lib\ext\zipfs.jar;C:\Program Files\Java\jdk-1.8\jre\lib\javaws.jar;C:\Program Files\Java\jdk-1.8\jre\lib\jce.jar;C:\Program Files\Java\jdk-1.8\jre\lib\jfr.jar;C:\Program Files\Java\jdk-1.8\jre\lib\jfxswt.jar;C:\Program Files\Java\jdk-1.8\jre\lib\jsse.jar;C:\Program Files\Java\jdk-1.8\jre\lib\management-agent.jar;C:\Program Files\Java\jdk-1.8\jre\lib\plugin.jar;C:\Program Files\Java\jdk-1.8\jre\lib\resources.jar;C:\Program Files\Java\jdk-1.8\jre\lib\rt.jar;C:\workspacekg\ebill-service-kg\target\classes;C:\Users\bestian1\.m2\repository\org\springframework\boot\spring-boot-starter-web\2.7.18\spring-boot-starter-web-2.7.18.jar;C:\Users\bestian1\.m2\repository\org\springframework\boot\spring-boot-starter\2.7.18\spring-boot-starter-2.7.18.jar;C:\Users\bestian1\.m2\repository\org\springframework\boot\spring-boot\2.7.18\spring-boot-2.7.18.jar;C:\Users\bestian1\.m2\repository\org\springframework\boot\spring-boot-autoconfigure\2.7.18\spring-boot-autoconfigure-2.7.18.jar;C:\Users\bestian1\.m2\repository\org\springframework\boot\spring-boot-starter-logging\2.7.18\spring-boot-starter-logging-2.7.18.jar;C:\Users\bestian1\.m2\repository\ch\qos\logback\logback-classic\1.2.12\logback-classic-1.2.12.jar;C:\Users\bestian1\.
Launcher Type: SUN_STANDARD

Environment Variables:
JAVA_HOME=C:\Program Files\Java\jdk-1.8
PATH=C:\Python312\Scripts\;C:\Python312\;C:\Program Files\Java\jdk-1.8\bin;C:\Program Files (x86)\Common Files\Oracle\Java\javapath;C:\windows\system32;C:\windows;C:\windows\System32\Wbem;C:\windows\System32\WindowsPowerShell\v1.0\;C:\windows\System32\OpenSSH\;C:\Program Files\Bandizip\;C:\ProgramData\chocolatey\bin;C:\Program Files\nodejs\;C:\Program Files\TortoiseSVN\bin;C:\Program Files\Git\cmd;C:\Program Files\MySQL\MySQL Shell 8.0\bin\;C:\Users\bestian1\AppData\Local\Microsoft\WindowsApps;C:\Program Files\JetBrains\IntelliJ IDEA 2023.3.2\bin;;C:\Program Files\JetBrains\IntelliJ IDEA Community Edition 2023.3.2\bin;;C:\Users\bestian1\AppData\Roaming\npm;C:\Program Files\nodejs\;C:\Users\bestian1\AppData\Local\Programs\Microsoft VS Code\bin;C:\Users\bestian1\AppData\Local\GitHubDesktop\bin
USERNAME=bestian1
OS=Windows_NT
PROCESSOR_IDENTIFIER=Intel64 Family 6 Model 186 Stepping 3, GenuineIntel



---------------  S Y S T E M  ---------------

OS: Windows 11 , 64 bit Build 22621 (10.0.22621.3958)

CPU:total 12 (initial active 12) (6 cores per cpu, 2 threads per core) family 6 model 186 stepping 3, cmov, cx8, fxsr, mmx, sse, sse2, sse3, ssse3, sse4.1, sse4.2, popcnt, avx, avx2, aes, clmul, erms, 3dnowpref, lzcnt, ht, tsc, tscinvbit, bmi1, bmi2, adx

Memory: 4k page, physical 16412432k(2296848k free), swap 45610252k(3404k free)

vm_info: Java HotSpot(TM) 64-Bit Server VM (25.391-b13) for windows-amd64 JRE (1.8.0_391-b13), built on Oct  4 2023 07:54:08 by "java_re" with MS VC++ 17.1 (VS2022)

time: Thu Apr 17 18:12:56 2025
timezone: Intel64 Family 6 Model 186 Stepping 3, GenuineIntel
elapsed time: 3136.020971 seconds (0d 0h 52m 16s)

